/Users/martinfahy/Dev/dotfiles/dotdrop
/Users/martinfahy/Dev/dotfiles/dotfiles
/Users/martinfahy/dev/test/fwpd
/Users/martinfahy/dev/other-dotfiles
/Users/martinfahy/dev/command-line-args/doc
/Users/martinfahy/dev/command-line-args/resources
/Users/martinfahy/dev/command-line-args/src
/Users/martinfahy/dev/command-line-args/test
/Users/martinfahy/Dev/hacket/hacket/target
/Users/martinfahy/dev/dotfiles/dotdrop
/Users/martinfahy/Dev/other-dotfiles
/Users/martinfahy/Dev/dotfiles/alacritty
/Users/martinfahy/Dev/dotfiles/alsa
/Users/martinfahy/Dev/dotfiles/clojure
/Users/martinfahy/Dev/dotfiles/dircolors
/Users/martinfahy/Dev/dotfiles/dunst
/Users/martinfahy/Dev/dotfiles/fish
/Users/martinfahy/Dev/dotfiles/git
/Users/martinfahy/Dev/dotfiles/gpg
/Users/martinfahy/Dev/dotfiles/gtk
/Users/martinfahy/Dev/dotfiles/htop
/Users/martinfahy/Dev/dotfiles/i3
/Users/martinfahy/Dev/dotfiles/x
/Users/martinfahy/.local
/Users/martinfahy/.local/share
/Users/martinfahy/.tmux
/Users/martinfahy/.tmux/plugins
/Users/martinfahy/git-semver
/Users/martinfahy/Dev/hacket/hacket/taskwarrior.git/cmake
/Users/martinfahy/Dev/hacket/hacket/taskwarrior.git/doc
/Users/martinfahy/Dev/hacket/hacket/taskwarrior.git/performance
/Users/martinfahy/Dev/hacket/hacket/taskwarrior.git/scripts
/Users/martinfahy/Dev/hacket/hacket/taskwarrior.git/src
/Users/martinfahy/Dev/hacket/hacket/taskwarrior.git/test
/Users/martinfahy/lib
/Users/martinfahy/perl5
/Users/martinfahy/ls--/doc
/Users/martinfahy/dev/clip
/Users/martinfahy/dev/clojure-noob
/Users/martinfahy/dev/code-snippets
/Users/martinfahy/dev/doc
/Users/martinfahy/dev/hacket
/Users/martinfahy/dev/icfp-2019
/Users/martinfahy/dev/lambda-boi
/Users/martinfahy/dev/lambda-client
/Users/martinfahy/dev/leetcode
/Users/martinfahy/dev/resources
/Users/martinfahy/dev/rust
/Users/martinfahy/dev/src
/Users/martinfahy/dev/target
/Users/martinfahy/Dev/clip
/Users/martinfahy/Dev/clojure-noob
/Users/martinfahy/Dev/code-snippets
/Users/martinfahy/Dev/doc
/Users/martinfahy/Dev/icfp-2019
/Users/martinfahy/Dev/lambda-boi
/Users/martinfahy/Dev/lambda-client
/Users/martinfahy/Dev/leetcode
/Users/martinfahy/Dev/resources
/Users/martinfahy/Dev/rust
/Users/martinfahy/Dev/src
/Users/martinfahy/Dev/target
/Users/martinfahy/Dev/test
/
/Users
/Users/martinfahy/Applications
/Users/martinfahy/Desktop
/Users/martinfahy/Documents
/Users/martinfahy/Downloads
/Users/martinfahy/enhancd
/Users/martinfahy/fonts
/Users/martinfahy/fwpd
/Users/martinfahy/Library
/Users/martinfahy/Movies
/Users/martinfahy/Music
/Users/martinfahy/Pictures
/Users/martinfahy/Public
/Users/martinfahy/.enhancd
/Users/martinfahy/bin
/Users/martinfahy/ls--
/Users/martinfahy/.oh-my-zsh/custom/plugins/git-extra-commands
/Users/martinfahy/Dev/hacket/hacket/taskwarrior.git
/Users/martinfahy/.oh-my-zsh/custom/plugins/example
/Users/martinfahy/.oh-my-zsh/custom
/Users/martinfahy/.oh-my-zsh
/Users/martinfahy/.tmux/plugins/tpm
/Users/martinfahy/.tmuxinator
/Users/martinfahy/.local/share/nvim
/Users/martinfahy/Dev/dotfiles
/Users/martinfahy/Dev/dotfiles/neovim
/Users/martinfahy/.config/.config
/Users/martinfahy/.config/.config/nvim
/Users/martinfahy/dev/dotfiles/neovim
/Users/martinfahy/dev/dotfiles/neovim/.config
/Users/martinfahy/dev/dotfiles/neovim/.config/nvim
/Users/martinfahy/Dev
/Users/martinfahy/.oh-my-zsh/custom/plugins
/Users/martinfahy/Dev/hacket
/Users/martinfahy/Dev/hacket/hacket
/Users/martinfahy/Dev/hacket/hacket/test
/Users/martinfahy/Dev/hacket/hacket/test/hacket
/Users/martinfahy/dev/command-line-args
/Users/martinfahy/Dev/hacket/hacket/src
/Users/martinfahy/Dev/hacket/hacket/src/hacket
/Users/martinfahy/dev/dotfiles
/Users/martinfahy/.config/nvim/modules/plugins
/Users/martinfahy/.config
/Users/martinfahy/dev/dotfiles/dotfiles
/Users/martinfahy/.config/nvim/modules
/Users/martinfahy/.config/nvim/plugged
/Users/martinfahy/.config/nvim
/Users/martinfahy/dev/test
/Users/martinfahy/dev
/Users/martinfahy
/Users/martinfahy/Dev/dotfiles
